<?xml version="1.0" encoding="UTF-8"?>
<testsuite name="com.studies.todo_app.services.TodoServiceImplTest" tests="2" skipped="0" failures="0" errors="0" timestamp="2024-07-06T04:00:50" hostname="MacBook-Pro-de-Jairo.local" time="1.5">
  <properties/>
  <testcase name="whenCallsThegetTodosThenReturnATodoList()" classname="com.studies.todo_app.services.TodoServiceImplTest" time="1.474"/>
  <testcase name="givenATodoEntityWhenCallsTheTodoServiceThenCallRepositoryToSaveTodo()" classname="com.studies.todo_app.services.TodoServiceImplTest" time="0.023"/>
  <system-out><![CDATA[]]></system-out>
  <system-err><![CDATA[]]></system-err>
</testsuite>
